<?xml version="1.0" encoding="UTF-8"?>
<!-- Generated by org.testng.reporters.JUnitReportReporter -->
<testsuite skipped="0" hostname="ManoharGaya3" name="week5.classroomtestng.EditLead" tests="1" failures="0" timestamp="2019-12-22T10:12:58 IST" time="46.681" errors="0">
  <testcase name="editLead" time="46.681" classname="week5.classroomtestng.EditLead"/>
</testsuite> <!-- week5.classroomtestng.EditLead -->
